2020-10-26 17:48:53,814 [DEBUG]  Available web server routes: 
/conversations/<conversation_id>/messages          POST                           add_message
/conversations/<conversation_id>/tracker/events    POST                           append_events
/webhooks/rasa                                     GET                            custom_webhook_RasaChatInput.health
/webhooks/rasa/webhook                             POST                           custom_webhook_RasaChatInput.receive
/webhooks/rest                                     GET                            custom_webhook_RestInput.health
/webhooks/rest/webhook                             POST                           custom_webhook_RestInput.receive
/model/test/intents                                POST                           evaluate_intents
/model/test/stories                                POST                           evaluate_stories
/conversations/<conversation_id>/execute           POST                           execute_action
/webhooks/facebook                                 GET                            fb_webhook.health
/webhooks/facebook/webhook                         GET                            fb_webhook.token_verification
/webhooks/facebook/webhook                         POST                           fb_webhook.webhook
/domain                                            GET                            get_domain
/                                                  GET                            hello
/model                                             PUT                            load_model
/model/parse                                       POST                           parse
/conversations/<conversation_id>/predict           POST                           predict
/conversations/<conversation_id>/tracker/events    PUT                            replace_events
/conversations/<conversation_id>/story             GET                            retrieve_story
/conversations/<conversation_id>/tracker           GET                            retrieve_tracker
/status                                            GET                            status
/model/predict                                     POST                           tracker_predict
/model/train                                       POST                           train
/conversations/<conversation_id>/trigger_intent    POST                           trigger_intent
/webhooks/twilio                                   GET                            twilio_webhook.health
/webhooks/twilio/webhook                           POST                           twilio_webhook.message
/model                                             DELETE                         unload_model
/version                                           GET                            version
2020-10-26 17:48:53,814 [INFO ]  Starting Rasa server on http://localhost:5005
2020-10-26 17:48:53,814 [DEBUG]  Using the default number of Sanic workers (1).
2020-10-26 17:48:53,815 [INFO ]  Enabling coroutine debugging. Loop id 94712619857872.
2020-10-26 17:48:54,167 [DEBUG]  Extracted model to '/tmp/tmpq1rm88y4'.
2020-10-26 17:48:54,476 [DEBUG]  Loading the model ...
2020-10-26 17:48:55,687 [DEBUG]  Finished loading the model.
2020-10-26 17:48:55,687 [DEBUG]  Building tensorflow prediction graph...
2020-10-26 17:48:59,041 [DEBUG]  Finished building tensorflow prediction graph.
2020-10-26 17:49:03,632 [DEBUG]  Loading the model ...
2020-10-26 17:49:04,158 [DEBUG]  Finished loading the model.
2020-10-26 17:49:04,158 [DEBUG]  Building tensorflow prediction graph...
2020-10-26 17:49:04,799 [DEBUG]  Finished building tensorflow prediction graph.
2020-10-26 17:49:04,804 [DEBUG]  Connected to InMemoryTrackerStore.
2020-10-26 17:49:04,804 [DEBUG]  Connected to lock store 'InMemoryLockStore'.
2020-10-26 17:49:05,145 [DEBUG]  Extracted model to '/tmp/tmpnp125qa6'.
2020-10-26 17:49:05,146 [DEBUG]  Using yaml library: /home/francisco/anaconda3/envs/FACTU/lib/python3.7/site-packages/ruamel/yaml/__init__.py
2020-10-26 17:49:05,178 [DEBUG]  Loading the model ...
2020-10-26 17:49:05,376 [DEBUG]  Finished loading the model.
2020-10-26 17:49:05,377 [DEBUG]  Building tensorflow prediction graph...
2020-10-26 17:49:05,945 [DEBUG]  Finished building tensorflow prediction graph.
2020-10-26 17:49:05,947 [DEBUG]  Instantiated NLG to 'TemplatedNaturalLanguageGenerator'.
2020-10-26 17:49:05,947 [INFO ]  Rasa server is up and running.
2020-10-26 17:50:13,577 [DEBUG]  Issuing ticket for conversation 'whatsapp:+573003445373'.
2020-10-26 17:50:13,577 [DEBUG]  Acquiring lock for conversation 'whatsapp:+573003445373'.
2020-10-26 17:50:13,577 [DEBUG]  Acquired lock for conversation 'whatsapp:+573003445373'.
2020-10-26 17:50:13,577 [DEBUG]  Creating a new tracker for id 'whatsapp:+573003445373'.
2020-10-26 17:50:13,577 [DEBUG]  Starting a new session for conversation ID 'whatsapp:+573003445373'.
2020-10-26 17:50:13,578 [DEBUG]  Action 'action_session_start' ended with events '[<rasa.core.events.SessionStarted object at 0x7f1bb00fd8d0>, <rasa.core.events.ActionExecuted object at 0x7f1bb0103a10>]'.
2020-10-26 17:50:13,578 [DEBUG]  Current slot values: 
	banco: None
	correoPSE: None
	empresa: None
	errorRPA: None
	facturaRegistrada: None
	id: None
	link: None
	nombre: None
	numeroFactura: None
	numeroWpp: None
	tipoFactura: None
	usuarioRegistrado: None
2020-10-26 17:50:13,578 [DEBUG]  Current tracker state [None, None, None, {}, {'intent_infoLink': 1.0, 'prev_action_listen': 1.0}]
2020-10-26 17:50:13,578 [DEBUG]  There is no memorised next action
2020-10-26 17:50:13,595 [DEBUG]  The predicted intent 'infoLink' is mapped to  action 'darLink' in the domain.
2020-10-26 17:50:13,595 [DEBUG]  Predicted next action using policy_2_MappingPolicy
2020-10-26 17:50:13,595 [DEBUG]  Predicted next action 'darLink' with confidence 1.00.
2020-10-26 17:50:13,595 [DEBUG]  Calling action endpoint to run action 'darLink'.
2020-10-26 17:50:13,617 [DEBUG]  Action 'darLink' ended with events '[BotUttered('Puedes pagar tu factura en: None', {"elements": null, "quick_replies": null, "buttons": null, "attachment": null, "image": null, "custom": null}, {}, 1603752613.6170518)]'.
2020-10-26 17:50:13,617 [DEBUG]  Current slot values: 
	banco: None
	correoPSE: None
	empresa: None
	errorRPA: None
	facturaRegistrada: None
	id: None
	link: None
	nombre: None
	numeroFactura: None
	numeroWpp: None
	tipoFactura: None
	usuarioRegistrado: None
2020-10-26 17:50:13,648 [INFO ]  POST Request: https://api.twilio.com/2010-04-01/Accounts/AC95c6b8907a146a0fae52da3ebee694cc/Messages.json
2020-10-26 17:50:13,648 [INFO ]  PAYLOAD: {'To': 'whatsapp:+573003445373', 'From': 'whatsapp:+14155238886', 'Body': 'Puedes pagar tu factura en: None'}
2020-10-26 17:50:14,405 [INFO ]  POST Response: 201 {"sid": "SM8bcd4720928840fea8e3ca2337d451cf", "date_created": "Mon, 26 Oct 2020 22:50:14 +0000", "date_updated": "Mon, 26 Oct 2020 22:50:14 +0000", "date_sent": null, "account_sid": "AC95c6b8907a146a0fae52da3ebee694cc", "to": "whatsapp:+573003445373", "from": "whatsapp:+14155238886", "messaging_service_sid": null, "body": "Puedes pagar tu factura en: None", "status": "queued", "num_segments": "1", "num_media": "0", "direction": "outbound-api", "api_version": "2010-04-01", "price": null, "price_unit": null, "error_code": null, "error_message": null, "uri": "/2010-04-01/Accounts/AC95c6b8907a146a0fae52da3ebee694cc/Messages/SM8bcd4720928840fea8e3ca2337d451cf.json", "subresource_uris": {"media": "/2010-04-01/Accounts/AC95c6b8907a146a0fae52da3ebee694cc/Messages/SM8bcd4720928840fea8e3ca2337d451cf/Media.json"}}
2020-10-26 17:50:14,406 [DEBUG]  Current tracker state [None, None, {}, {'intent_infoLink': 1.0, 'prev_action_listen': 1.0}, {'prev_darLink': 1.0, 'intent_infoLink': 1.0}]
2020-10-26 17:50:14,407 [DEBUG]  There is no memorised next action
2020-10-26 17:50:14,412 [DEBUG]  The mapped action, 'darLink', for this intent, 'infoLink', was executed last so MappingPolicy is returning to action_listen.
2020-10-26 17:50:14,412 [DEBUG]  Predicted next action using policy_2_MappingPolicy
2020-10-26 17:50:14,412 [DEBUG]  Predicted next action 'action_listen' with confidence 1.00.
2020-10-26 17:50:14,412 [DEBUG]  Action 'action_listen' ended with events '[]'.
2020-10-26 17:50:14,412 [DEBUG]  Deleted lock for conversation 'whatsapp:+573003445373'.
